# JRE version: OpenJDK Runtime Environment (21.0.5) (build 21.0.5+-13047016-b750.29)
# Java VM: OpenJDK 64-Bit Server VM (21.0.5+-13047016-b750.29, mixed mode, tiered, compressed oops, compressed class ptrs, g1 gc, windows-amd64)
GC Precious Log:
 CardTable entry size: 512
 Card Set container configuration: InlinePtr #cards 4 size 8 Array Of Cards #cards 16 size 48 Howl #buckets 8 coarsen threshold 3686 Howl Bitmap #cards 512 size 80 coarsen threshold 460 Card regions per heap region 1 cards per card region 4096
 CPUs: 8 total, 8 available
 Memory: 16080M
 Large Page Support: Disabled
 NUMA Support: Disabled
 Compressed Oops: Enabled (Zero based)
 Heap Region Size: 2M
 Heap Min Capacity: 8M
 Heap Initial Capacity: 252M
 Heap Max Capacity: 4022M
 Pre-touch: Disabled
 Parallel Workers: 8
 Concurrent Workers: 2
 Concurrent Refinement Workers: 8
 Periodic GC: Disabled
Heap:
 garbage-first heap   total 194560K, used 149618K [0x0000000704a00000, 0x0000000800000000)
  region size 2048K, 19 young (38912K), 4 survivors (8192K)
 Metaspace       used 86783K, committed 87680K, reserved 1179648K
  class space    used 8949K, committed 9344K, reserved 1048576K
GC Heap History (20 events):
Event: 6.162 GC heap before
{Heap before GC invocations=15 (full 0):
 garbage-first heap   total 159744K, used 133120K [0x0000000704a00000, 0x0000000800000000)
  region size 2048K, 39 young (79872K), 4 survivors (8192K)
 Metaspace       used 61750K, committed 62592K, reserved 1114112K
  class space    used 6803K, committed 7232K, reserved 1048576K
}
Event: 6.172 GC heap after
{Heap after GC invocations=16 (full 0):
 garbage-first heap   total 159744K, used 69603K [0x0000000704a00000, 0x0000000800000000)
  region size 2048K, 4 young (8192K), 4 survivors (8192K)
 Metaspace       used 61750K, committed 62592K, reserved 1114112K
  class space    used 6803K, committed 7232K, reserved 1048576K
}
Event: 6.507 GC heap before
{Heap before GC invocations=16 (full 0):
 garbage-first heap   total 159744K, used 90083K [0x0000000704a00000, 0x0000000800000000)
  region size 2048K, 14 young (28672K), 4 survivors (8192K)
 Metaspace       used 62075K, committed 62848K, reserved 1114112K
  class space    used 6813K, committed 7232K, reserved 1048576K
}
Event: 6.514 GC heap after
{Heap after GC invocations=17 (full 0):
 garbage-first heap   total 159744K, used 74640K [0x0000000704a00000, 0x0000000800000000)
  region size 2048K, 1 young (2048K), 1 survivors (2048K)
 Metaspace       used 62075K, committed 62848K, reserved 1114112K
  class space    used 6813K, committed 7232K, reserved 1048576K
}
Event: 7.549 GC heap before
{Heap before GC invocations=18 (full 0):
 garbage-first heap   total 159744K, used 138128K [0x0000000704a00000, 0x0000000800000000)
  region size 2048K, 32 young (65536K), 1 survivors (2048K)
 Metaspace       used 62672K, committed 63488K, reserved 1114112K
  class space    used 6835K, committed 7232K, reserved 1048576K
}
Event: 7.556 GC heap after
{Heap after GC invocations=19 (full 0):
 garbage-first heap   total 159744K, used 80398K [0x0000000704a00000, 0x0000000800000000)
  region size 2048K, 4 young (8192K), 4 survivors (8192K)
 Metaspace       used 62672K, committed 63488K, reserved 1114112K
  class space    used 6835K, committed 7232K, reserved 1048576K
}
Event: 8.416 GC heap before
{Heap before GC invocations=19 (full 0):
 garbage-first heap   total 159744K, used 139790K [0x0000000704a00000, 0x0000000800000000)
  region size 2048K, 33 young (67584K), 4 survivors (8192K)
 Metaspace       used 63141K, committed 63872K, reserved 1114112K
  class space    used 6855K, committed 7232K, reserved 1048576K
}
Event: 8.430 GC heap after
{Heap after GC invocations=20 (full 0):
 garbage-first heap   total 159744K, used 83745K [0x0000000704a00000, 0x0000000800000000)
  region size 2048K, 3 young (6144K), 3 survivors (6144K)
 Metaspace       used 63141K, committed 63872K, reserved 1114112K
  class space    used 6855K, committed 7232K, reserved 1048576K
}
Event: 9.042 GC heap before
{Heap before GC invocations=20 (full 0):
 garbage-first heap   total 159744K, used 141089K [0x0000000704a00000, 0x0000000800000000)
  region size 2048K, 31 young (63488K), 3 survivors (6144K)
 Metaspace       used 65035K, committed 65856K, reserved 1114112K
  class space    used 6997K, committed 7424K, reserved 1048576K
}
Event: 9.050 GC heap after
{Heap after GC invocations=21 (full 0):
 garbage-first heap   total 159744K, used 86632K [0x0000000704a00000, 0x0000000800000000)
  region size 2048K, 2 young (4096K), 2 survivors (4096K)
 Metaspace       used 65035K, committed 65856K, reserved 1114112K
  class space    used 6997K, committed 7424K, reserved 1048576K
}
Event: 9.915 GC heap before
{Heap before GC invocations=22 (full 0):
 garbage-first heap   total 159744K, used 143976K [0x0000000704a00000, 0x0000000800000000)
  region size 2048K, 30 young (61440K), 2 survivors (4096K)
 Metaspace       used 71693K, committed 72512K, reserved 1114112K
  class space    used 7608K, committed 8000K, reserved 1048576K
}
Event: 9.924 GC heap after
{Heap after GC invocations=23 (full 0):
 garbage-first heap   total 159744K, used 93095K [0x0000000704a00000, 0x0000000800000000)
  region size 2048K, 4 young (8192K), 4 survivors (8192K)
 Metaspace       used 71693K, committed 72512K, reserved 1114112K
  class space    used 7608K, committed 8000K, reserved 1048576K
}
Event: 10.412 GC heap before
{Heap before GC invocations=23 (full 0):
 garbage-first heap   total 159744K, used 140199K [0x0000000704a00000, 0x0000000800000000)
  region size 2048K, 27 young (55296K), 4 survivors (8192K)
 Metaspace       used 74368K, committed 75200K, reserved 1179648K
  class space    used 7894K, committed 8320K, reserved 1048576K
}
Event: 10.432 GC heap after
{Heap after GC invocations=24 (full 0):
 garbage-first heap   total 159744K, used 100524K [0x0000000704a00000, 0x0000000800000000)
  region size 2048K, 4 young (8192K), 4 survivors (8192K)
 Metaspace       used 74368K, committed 75200K, reserved 1179648K
  class space    used 7894K, committed 8320K, reserved 1048576K
}
Event: 10.849 GC heap before
{Heap before GC invocations=24 (full 0):
 garbage-first heap   total 159744K, used 139436K [0x0000000704a00000, 0x0000000800000000)
  region size 2048K, 23 young (47104K), 4 survivors (8192K)
 Metaspace       used 75075K, committed 75968K, reserved 1179648K
  class space    used 7938K, committed 8384K, reserved 1048576K
}
Event: 10.865 GC heap after
{Heap after GC invocations=25 (full 0):
 garbage-first heap   total 194560K, used 113107K [0x0000000704a00000, 0x0000000800000000)
  region size 2048K, 3 young (6144K), 3 survivors (6144K)
 Metaspace       used 75075K, committed 75968K, reserved 1179648K
  class space    used 7938K, committed 8384K, reserved 1048576K
}
Event: 11.585 GC heap before
{Heap before GC invocations=26 (full 0):
 garbage-first heap   total 194560K, used 166355K [0x0000000704a00000, 0x0000000800000000)
  region size 2048K, 29 young (59392K), 3 survivors (6144K)
 Metaspace       used 83333K, committed 84224K, reserved 1179648K
  class space    used 8740K, committed 9152K, reserved 1048576K
}
Event: 11.594 GC heap after
{Heap after GC invocations=27 (full 0):
 garbage-first heap   total 194560K, used 117499K [0x0000000704a00000, 0x0000000800000000)
  region size 2048K, 2 young (4096K), 2 survivors (4096K)
 Metaspace       used 83333K, committed 84224K, reserved 1179648K
  class space    used 8740K, committed 9152K, reserved 1048576K
}
Event: 12.328 GC heap before
{Heap before GC invocations=27 (full 0):
 garbage-first heap   total 194560K, used 168699K [0x0000000704a00000, 0x0000000800000000)
  region size 2048K, 27 young (55296K), 2 survivors (4096K)
 Metaspace       used 86619K, committed 87424K, reserved 1179648K
  class space    used 8947K, committed 9344K, reserved 1048576K
}
Event: 12.336 GC heap after
{Heap after GC invocations=28 (full 0):
 garbage-first heap   total 194560K, used 120946K [0x0000000704a00000, 0x0000000800000000)
  region size 2048K, 4 young (8192K), 4 survivors (8192K)
 Metaspace       used 86619K, committed 87424K, reserved 1179648K
  class space    used 8947K, committed 9344K, reserved 1048576K
}

