# JRE version: OpenJDK Runtime Environment (21.0.5) (build 21.0.5+-13047016-b750.29)
# Java VM: OpenJDK 64-Bit Server VM (21.0.5+-13047016-b750.29, mixed mode, tiered, compressed oops, compressed class ptrs, g1 gc, windows-amd64)
GC Precious Log:
 CardTable entry size: 512
 Card Set container configuration: InlinePtr #cards 4 size 8 Array Of Cards #cards 16 size 48 Howl #buckets 8 coarsen threshold 3686 Howl Bitmap #cards 512 size 80 coarsen threshold 460 Card regions per heap region 1 cards per card region 4096
 CPUs: 8 total, 8 available
 Memory: 16080M
 Large Page Support: Disabled
 NUMA Support: Disabled
 Compressed Oops: Enabled (Zero based)
 Heap Region Size: 2M
 Heap Min Capacity: 8M
 Heap Initial Capacity: 252M
 Heap Max Capacity: 4022M
 Pre-touch: Disabled
 Parallel Workers: 8
 Concurrent Workers: 2
 Concurrent Refinement Workers: 8
 Periodic GC: Disabled
Heap:
 garbage-first heap   total 262144K, used 135538K [0x0000000704a00000, 0x0000000800000000)
  region size 2048K, 5 young (10240K), 5 survivors (10240K)
 Metaspace       used 94354K, committed 95232K, reserved 1179648K
  class space    used 9438K, committed 9856K, reserved 1048576K
GC Heap History (20 events):
Event: 14.727 GC heap after
{Heap after GC invocations=32 (full 0):
 garbage-first heap   total 159744K, used 93410K [0x0000000704a00000, 0x0000000800000000)
  region size 2048K, 2 young (4096K), 2 survivors (4096K)
 Metaspace       used 64706K, committed 65536K, reserved 1114112K
  class space    used 6992K, committed 7424K, reserved 1048576K
}
Event: 15.205 GC heap before
{Heap before GC invocations=32 (full 0):
 garbage-first heap   total 159744K, used 144610K [0x0000000704a00000, 0x0000000800000000)
  region size 2048K, 27 young (55296K), 2 survivors (4096K)
 Metaspace       used 65530K, committed 66304K, reserved 1114112K
  class space    used 7046K, committed 7424K, reserved 1048576K
}
Event: 15.213 GC heap after
{Heap after GC invocations=33 (full 0):
 garbage-first heap   total 159744K, used 94133K [0x0000000704a00000, 0x0000000800000000)
  region size 2048K, 3 young (6144K), 3 survivors (6144K)
 Metaspace       used 65530K, committed 66304K, reserved 1114112K
  class space    used 7046K, committed 7424K, reserved 1048576K
}
Event: 16.342 GC heap before
{Heap before GC invocations=34 (full 0):
 garbage-first heap   total 161792K, used 139189K [0x0000000704a00000, 0x0000000800000000)
  region size 2048K, 26 young (53248K), 3 survivors (6144K)
 Metaspace       used 72299K, committed 73088K, reserved 1114112K
  class space    used 7653K, committed 8064K, reserved 1048576K
}
Event: 16.357 GC heap after
{Heap after GC invocations=35 (full 0):
 garbage-first heap   total 161792K, used 98553K [0x0000000704a00000, 0x0000000800000000)
  region size 2048K, 3 young (6144K), 3 survivors (6144K)
 Metaspace       used 72299K, committed 73088K, reserved 1114112K
  class space    used 7653K, committed 8064K, reserved 1048576K
}
Event: 17.044 GC heap before
{Heap before GC invocations=35 (full 0):
 garbage-first heap   total 161792K, used 143609K [0x0000000704a00000, 0x0000000800000000)
  region size 2048K, 25 young (51200K), 3 survivors (6144K)
 Metaspace       used 74214K, committed 75008K, reserved 1179648K
  class space    used 7860K, committed 8256K, reserved 1048576K
}
Event: 17.066 GC heap after
{Heap after GC invocations=36 (full 0):
 garbage-first heap   total 161792K, used 104354K [0x0000000704a00000, 0x0000000800000000)
  region size 2048K, 4 young (8192K), 4 survivors (8192K)
 Metaspace       used 74214K, committed 75008K, reserved 1179648K
  class space    used 7860K, committed 8256K, reserved 1048576K
}
Event: 17.605 GC heap before
{Heap before GC invocations=36 (full 0):
 garbage-first heap   total 161792K, used 141218K [0x0000000704a00000, 0x0000000800000000)
  region size 2048K, 22 young (45056K), 4 survivors (8192K)
 Metaspace       used 75365K, committed 76224K, reserved 1179648K
  class space    used 7963K, committed 8384K, reserved 1048576K
}
Event: 17.619 GC heap after
{Heap after GC invocations=37 (full 0):
 garbage-first heap   total 194560K, used 111974K [0x0000000704a00000, 0x0000000800000000)
  region size 2048K, 3 young (6144K), 3 survivors (6144K)
 Metaspace       used 75365K, committed 76224K, reserved 1179648K
  class space    used 7963K, committed 8384K, reserved 1048576K
}
Event: 18.575 GC heap before
{Heap before GC invocations=38 (full 0):
 garbage-first heap   total 194560K, used 173414K [0x0000000704a00000, 0x0000000800000000)
  region size 2048K, 33 young (67584K), 3 survivors (6144K)
 Metaspace       used 76914K, committed 77824K, reserved 1179648K
  class space    used 8107K, committed 8576K, reserved 1048576K
}
Event: 18.592 GC heap after
{Heap after GC invocations=39 (full 0):
 garbage-first heap   total 196608K, used 127327K [0x0000000704a00000, 0x0000000800000000)
  region size 2048K, 5 young (10240K), 5 survivors (10240K)
 Metaspace       used 76914K, committed 77824K, reserved 1179648K
  class space    used 8107K, committed 8576K, reserved 1048576K
}
Event: 19.542 GC heap before
{Heap before GC invocations=39 (full 0):
 garbage-first heap   total 196608K, used 172383K [0x0000000704a00000, 0x0000000800000000)
  region size 2048K, 27 young (55296K), 5 survivors (10240K)
 Metaspace       used 85355K, committed 86272K, reserved 1179648K
  class space    used 8871K, committed 9344K, reserved 1048576K
}
Event: 19.557 GC heap after
{Heap after GC invocations=40 (full 0):
 garbage-first heap   total 196608K, used 129483K [0x0000000704a00000, 0x0000000800000000)
  region size 2048K, 2 young (4096K), 2 survivors (4096K)
 Metaspace       used 85355K, committed 86272K, reserved 1179648K
  class space    used 8871K, committed 9344K, reserved 1048576K
}
Event: 20.369 GC heap before
{Heap before GC invocations=40 (full 0):
 garbage-first heap   total 196608K, used 174539K [0x0000000704a00000, 0x0000000800000000)
  region size 2048K, 25 young (51200K), 2 survivors (4096K)
 Metaspace       used 87695K, committed 88576K, reserved 1179648K
  class space    used 9018K, committed 9408K, reserved 1048576K
}
Event: 20.378 GC heap after
{Heap after GC invocations=41 (full 0):
 garbage-first heap   total 196608K, used 133479K [0x0000000704a00000, 0x0000000800000000)
  region size 2048K, 4 young (8192K), 4 survivors (8192K)
 Metaspace       used 87695K, committed 88576K, reserved 1179648K
  class space    used 9018K, committed 9408K, reserved 1048576K
}
Event: 20.962 GC heap before
{Heap before GC invocations=42 (full 0):
 garbage-first heap   total 223232K, used 172391K [0x0000000704a00000, 0x0000000800000000)
  region size 2048K, 24 young (49152K), 4 survivors (8192K)
 Metaspace       used 88225K, committed 89088K, reserved 1179648K
  class space    used 9050K, committed 9472K, reserved 1048576K
}
Event: 20.972 GC heap after
{Heap after GC invocations=43 (full 0):
 garbage-first heap   total 223232K, used 134674K [0x0000000704a00000, 0x0000000800000000)
  region size 2048K, 2 young (4096K), 2 survivors (4096K)
 Metaspace       used 88225K, committed 89088K, reserved 1179648K
  class space    used 9050K, committed 9472K, reserved 1048576K
}
Event: 22.393 GC heap before
{Heap before GC invocations=43 (full 0):
 garbage-first heap   total 223232K, used 196114K [0x0000000704a00000, 0x0000000800000000)
  region size 2048K, 32 young (65536K), 2 survivors (4096K)
 Metaspace       used 93764K, committed 94656K, reserved 1179648K
  class space    used 9426K, committed 9856K, reserved 1048576K
}
Event: 22.411 GC heap after
{Heap after GC invocations=44 (full 0):
 garbage-first heap   total 223232K, used 129121K [0x0000000704a00000, 0x0000000800000000)
  region size 2048K, 4 young (8192K), 4 survivors (8192K)
 Metaspace       used 93764K, committed 94656K, reserved 1179648K
  class space    used 9426K, committed 9856K, reserved 1048576K
}
Event: 23.099 GC heap before
{Heap before GC invocations=44 (full 0):
 garbage-first heap   total 223232K, used 196705K [0x0000000704a00000, 0x0000000800000000)
  region size 2048K, 37 young (75776K), 4 survivors (8192K)
 Metaspace       used 94354K, committed 95232K, reserved 1179648K
  class space    used 9438K, committed 9856K, reserved 1048576K
}

