# JRE version: OpenJDK Runtime Environment (21.0.5) (build 21.0.5+-13047016-b750.29)
# Java VM: OpenJDK 64-Bit Server VM (21.0.5+-13047016-b750.29, mixed mode, tiered, compressed oops, compressed class ptrs, g1 gc, windows-amd64)
GC Precious Log:
 CardTable entry size: 512
 Card Set container configuration: InlinePtr #cards 5 size 8 Array Of Cards #cards 12 size 40 Howl #buckets 4 coarsen threshold 1843 Howl Bitmap #cards 512 size 80 coarsen threshold 460 Card regions per heap region 1 cards per card region 2048
 CPUs: 8 total, 8 available
 Memory: 16080M
 Large Page Support: Disabled
 NUMA Support: Disabled
 Compressed Oops: Enabled (32-bit)
 Heap Region Size: 1M
 Heap Min Capacity: 8M
 Heap Initial Capacity: 252M
 Heap Max Capacity: 2G
 Pre-touch: Disabled
 Parallel Workers: 8
 Concurrent Workers: 2
 Concurrent Refinement Workers: 8
 Periodic GC: Disabled
Heap:
 garbage-first heap   total 177152K, used 131773K [0x0000000080000000, 0x0000000100000000)
  region size 1024K, 31 young (31744K), 7 survivors (7168K)
 Metaspace       used 108171K, committed 110400K, reserved 1179648K
  class space    used 14831K, committed 15936K, reserved 1048576K
GC Heap History (20 events):
Event: 7.461 GC heap before
{Heap before GC invocations=28 (full 0):
 garbage-first heap   total 137216K, used 112098K [0x0000000080000000, 0x0000000100000000)
  region size 1024K, 34 young (34816K), 4 survivors (4096K)
 Metaspace       used 78784K, committed 80704K, reserved 1179648K
  class space    used 10629K, committed 11584K, reserved 1048576K
}
Event: 7.464 GC heap after
{Heap after GC invocations=29 (full 0):
 garbage-first heap   total 137216K, used 81231K [0x0000000080000000, 0x0000000100000000)
  region size 1024K, 5 young (5120K), 5 survivors (5120K)
 Metaspace       used 78784K, committed 80704K, reserved 1179648K
  class space    used 10629K, committed 11584K, reserved 1048576K
}
Event: 7.875 GC heap before
{Heap before GC invocations=29 (full 0):
 garbage-first heap   total 137216K, used 118095K [0x0000000080000000, 0x0000000100000000)
  region size 1024K, 42 young (43008K), 5 survivors (5120K)
 Metaspace       used 81559K, committed 83520K, reserved 1179648K
  class space    used 11000K, committed 11968K, reserved 1048576K
}
Event: 7.878 GC heap after
{Heap after GC invocations=30 (full 0):
 garbage-first heap   total 137216K, used 83062K [0x0000000080000000, 0x0000000100000000)
  region size 1024K, 3 young (3072K), 3 survivors (3072K)
 Metaspace       used 81559K, committed 83520K, reserved 1179648K
  class space    used 11000K, committed 11968K, reserved 1048576K
}
Event: 8.048 GC heap before
{Heap before GC invocations=30 (full 0):
 garbage-first heap   total 137216K, used 96374K [0x0000000080000000, 0x0000000100000000)
  region size 1024K, 17 young (17408K), 3 survivors (3072K)
 Metaspace       used 83588K, committed 85440K, reserved 1179648K
  class space    used 11253K, committed 12160K, reserved 1048576K
}
Event: 8.050 GC heap after
{Heap after GC invocations=31 (full 0):
 garbage-first heap   total 137216K, used 83671K [0x0000000080000000, 0x0000000100000000)
  region size 1024K, 3 young (3072K), 3 survivors (3072K)
 Metaspace       used 83588K, committed 85440K, reserved 1179648K
  class space    used 11253K, committed 12160K, reserved 1048576K
}
Event: 8.470 GC heap before
{Heap before GC invocations=32 (full 0):
 garbage-first heap   total 147456K, used 127703K [0x0000000080000000, 0x0000000100000000)
  region size 1024K, 42 young (43008K), 3 survivors (3072K)
 Metaspace       used 87030K, committed 88960K, reserved 1179648K
  class space    used 11687K, committed 12672K, reserved 1048576K
}
Event: 8.473 GC heap after
{Heap after GC invocations=33 (full 0):
 garbage-first heap   total 147456K, used 90491K [0x0000000080000000, 0x0000000100000000)
  region size 1024K, 6 young (6144K), 6 survivors (6144K)
 Metaspace       used 87030K, committed 88960K, reserved 1179648K
  class space    used 11687K, committed 12672K, reserved 1048576K
}
Event: 8.740 GC heap before
{Heap before GC invocations=33 (full 0):
 garbage-first heap   total 147456K, used 132475K [0x0000000080000000, 0x0000000100000000)
  region size 1024K, 47 young (48128K), 6 survivors (6144K)
 Metaspace       used 87977K, committed 89920K, reserved 1179648K
  class space    used 11814K, committed 12800K, reserved 1048576K
}
Event: 8.744 GC heap after
{Heap after GC invocations=34 (full 0):
 garbage-first heap   total 147456K, used 93184K [0x0000000080000000, 0x0000000100000000)
  region size 1024K, 6 young (6144K), 6 survivors (6144K)
 Metaspace       used 87977K, committed 89920K, reserved 1179648K
  class space    used 11814K, committed 12800K, reserved 1048576K
}
Event: 9.057 GC heap before
{Heap before GC invocations=34 (full 0):
 garbage-first heap   total 147456K, used 131072K [0x0000000080000000, 0x0000000100000000)
  region size 1024K, 44 young (45056K), 6 survivors (6144K)
 Metaspace       used 90703K, committed 92736K, reserved 1179648K
  class space    used 12181K, committed 13184K, reserved 1048576K
}
Event: 9.060 GC heap after
{Heap after GC invocations=35 (full 0):
 garbage-first heap   total 177152K, used 95478K [0x0000000080000000, 0x0000000100000000)
  region size 1024K, 3 young (3072K), 3 survivors (3072K)
 Metaspace       used 90703K, committed 92736K, reserved 1179648K
  class space    used 12181K, committed 13184K, reserved 1048576K
}
Event: 9.636 GC heap before
{Heap before GC invocations=35 (full 0):
 garbage-first heap   total 177152K, used 153846K [0x0000000080000000, 0x0000000100000000)
  region size 1024K, 59 young (60416K), 3 survivors (3072K)
 Metaspace       used 95311K, committed 97408K, reserved 1179648K
  class space    used 12972K, committed 14016K, reserved 1048576K
}
Event: 9.639 GC heap after
{Heap after GC invocations=36 (full 0):
 garbage-first heap   total 177152K, used 97017K [0x0000000080000000, 0x0000000100000000)
  region size 1024K, 4 young (4096K), 4 survivors (4096K)
 Metaspace       used 95311K, committed 97408K, reserved 1179648K
  class space    used 12972K, committed 14016K, reserved 1048576K
}
Event: 10.286 GC heap before
{Heap before GC invocations=36 (full 0):
 garbage-first heap   total 177152K, used 160505K [0x0000000080000000, 0x0000000100000000)
  region size 1024K, 66 young (67584K), 4 survivors (4096K)
 Metaspace       used 99843K, committed 102016K, reserved 1179648K
  class space    used 13611K, committed 14720K, reserved 1048576K
}
Event: 10.292 GC heap after
{Heap after GC invocations=37 (full 0):
 garbage-first heap   total 177152K, used 101096K [0x0000000080000000, 0x0000000100000000)
  region size 1024K, 8 young (8192K), 8 survivors (8192K)
 Metaspace       used 99843K, committed 102016K, reserved 1179648K
  class space    used 13611K, committed 14720K, reserved 1048576K
}
Event: 10.812 GC heap before
{Heap before GC invocations=37 (full 0):
 garbage-first heap   total 177152K, used 158440K [0x0000000080000000, 0x0000000100000000)
  region size 1024K, 64 young (65536K), 8 survivors (8192K)
 Metaspace       used 105255K, committed 107456K, reserved 1179648K
  class space    used 14367K, committed 15488K, reserved 1048576K
}
Event: 10.818 GC heap after
{Heap after GC invocations=38 (full 0):
 garbage-first heap   total 177152K, used 104144K [0x0000000080000000, 0x0000000100000000)
  region size 1024K, 8 young (8192K), 8 survivors (8192K)
 Metaspace       used 105255K, committed 107456K, reserved 1179648K
  class space    used 14367K, committed 15488K, reserved 1048576K
}
Event: 11.380 GC heap before
{Heap before GC invocations=39 (full 0):
 garbage-first heap   total 177152K, used 157392K [0x0000000080000000, 0x0000000100000000)
  region size 1024K, 60 young (61440K), 8 survivors (8192K)
 Metaspace       used 108036K, committed 110272K, reserved 1179648K
  class space    used 14819K, committed 15936K, reserved 1048576K
}
Event: 11.388 GC heap after
{Heap after GC invocations=40 (full 0):
 garbage-first heap   total 177152K, used 108221K [0x0000000080000000, 0x0000000100000000)
  region size 1024K, 7 young (7168K), 7 survivors (7168K)
 Metaspace       used 108036K, committed 110272K, reserved 1179648K
  class space    used 14819K, committed 15936K, reserved 1048576K
}

