# JRE version: OpenJDK Runtime Environment (21.0.5) (build 21.0.5+-13047016-b750.29)
# Java VM: OpenJDK 64-Bit Server VM (21.0.5+-13047016-b750.29, mixed mode, tiered, compressed oops, compressed class ptrs, g1 gc, windows-amd64)
GC Precious Log:
 CardTable entry size: 512
 Card Set container configuration: InlinePtr #cards 5 size 8 Array Of Cards #cards 12 size 40 Howl #buckets 4 coarsen threshold 1843 Howl Bitmap #cards 512 size 80 coarsen threshold 460 Card regions per heap region 1 cards per card region 2048
 CPUs: 8 total, 8 available
 Memory: 16080M
 Large Page Support: Disabled
 NUMA Support: Disabled
 Compressed Oops: Enabled (32-bit)
 Heap Region Size: 1M
 Heap Min Capacity: 8M
 Heap Initial Capacity: 252M
 Heap Max Capacity: 2G
 Pre-touch: Disabled
 Parallel Workers: 8
 Concurrent Workers: 2
 Concurrent Refinement Workers: 8
 Periodic GC: Disabled
Heap:
 garbage-first heap   total 271360K, used 188686K [0x0000000080000000, 0x0000000100000000)
  region size 1024K, 35 young (35840K), 7 survivors (7168K)
 Metaspace       used 121186K, committed 123648K, reserved 1179648K
  class space    used 16286K, committed 17536K, reserved 1048576K
GC Heap History (20 events):
Event: 110.070 GC heap before
{Heap before GC invocations=53 (full 0):
 garbage-first heap   total 209920K, used 187727K [0x0000000080000000, 0x0000000100000000)
  region size 1024K, 62 young (63488K), 9 survivors (9216K)
 Metaspace       used 117018K, committed 119360K, reserved 1179648K
  class space    used 15971K, committed 17152K, reserved 1048576K
}
Event: 110.075 GC heap after
{Heap after GC invocations=54 (full 0):
 garbage-first heap   total 251904K, used 138689K [0x0000000080000000, 0x0000000100000000)
  region size 1024K, 4 young (4096K), 4 survivors (4096K)
 Metaspace       used 117018K, committed 119360K, reserved 1179648K
  class space    used 15971K, committed 17152K, reserved 1048576K
}
Event: 144.378 GC heap before
{Heap before GC invocations=55 (full 0):
 garbage-first heap   total 251904K, used 226753K [0x0000000080000000, 0x0000000100000000)
  region size 1024K, 91 young (93184K), 4 survivors (4096K)
 Metaspace       used 117234K, committed 119552K, reserved 1179648K
  class space    used 15975K, committed 17152K, reserved 1048576K
}
Event: 144.383 GC heap after
{Heap after GC invocations=56 (full 0):
 garbage-first heap   total 251904K, used 143758K [0x0000000080000000, 0x0000000100000000)
  region size 1024K, 9 young (9216K), 9 survivors (9216K)
 Metaspace       used 117234K, committed 119552K, reserved 1179648K
  class space    used 15975K, committed 17152K, reserved 1048576K
}
Event: 145.836 GC heap before
{Heap before GC invocations=56 (full 0):
 garbage-first heap   total 251904K, used 227726K [0x0000000080000000, 0x0000000100000000)
  region size 1024K, 92 young (94208K), 9 survivors (9216K)
 Metaspace       used 117481K, committed 119808K, reserved 1179648K
  class space    used 15977K, committed 17152K, reserved 1048576K
}
Event: 145.844 GC heap after
{Heap after GC invocations=57 (full 0):
 garbage-first heap   total 251904K, used 149257K [0x0000000080000000, 0x0000000100000000)
  region size 1024K, 12 young (12288K), 12 survivors (12288K)
 Metaspace       used 117481K, committed 119808K, reserved 1179648K
  class space    used 15977K, committed 17152K, reserved 1048576K
}
Event: 183.566 GC heap before
{Heap before GC invocations=57 (full 0):
 garbage-first heap   total 251904K, used 225033K [0x0000000080000000, 0x0000000100000000)
  region size 1024K, 87 young (89088K), 12 survivors (12288K)
 Metaspace       used 117615K, committed 119936K, reserved 1179648K
  class space    used 15978K, committed 17152K, reserved 1048576K
}
Event: 183.575 GC heap after
{Heap after GC invocations=58 (full 0):
 garbage-first heap   total 251904K, used 153624K [0x0000000080000000, 0x0000000100000000)
  region size 1024K, 6 young (6144K), 6 survivors (6144K)
 Metaspace       used 117615K, committed 119936K, reserved 1179648K
  class space    used 15978K, committed 17152K, reserved 1048576K
}
Event: 184.062 GC heap before
{Heap before GC invocations=59 (full 0):
 garbage-first heap   total 258048K, used 229400K [0x0000000080000000, 0x0000000100000000)
  region size 1024K, 81 young (82944K), 6 survivors (6144K)
 Metaspace       used 117883K, committed 120192K, reserved 1179648K
  class space    used 15984K, committed 17152K, reserved 1048576K
}
Event: 184.069 GC heap after
{Heap after GC invocations=60 (full 0):
 garbage-first heap   total 258048K, used 161220K [0x0000000080000000, 0x0000000100000000)
  region size 1024K, 11 young (11264K), 11 survivors (11264K)
 Metaspace       used 117883K, committed 120192K, reserved 1179648K
  class space    used 15984K, committed 17152K, reserved 1048576K
}
Event: 233.079 GC heap before
{Heap before GC invocations=60 (full 0):
 garbage-first heap   total 258048K, used 230852K [0x0000000080000000, 0x0000000100000000)
  region size 1024K, 80 young (81920K), 11 survivors (11264K)
 Metaspace       used 117957K, committed 120256K, reserved 1179648K
  class space    used 15984K, committed 17152K, reserved 1048576K
}
Event: 233.106 GC heap after
{Heap after GC invocations=61 (full 0):
 garbage-first heap   total 258048K, used 159201K [0x0000000080000000, 0x0000000100000000)
  region size 1024K, 5 young (5120K), 5 survivors (5120K)
 Metaspace       used 117957K, committed 120256K, reserved 1179648K
  class space    used 15984K, committed 17152K, reserved 1048576K
}
Event: 233.941 GC heap before
{Heap before GC invocations=61 (full 0):
 garbage-first heap   total 258048K, used 238049K [0x0000000080000000, 0x0000000100000000)
  region size 1024K, 82 young (83968K), 5 survivors (5120K)
 Metaspace       used 118132K, committed 120448K, reserved 1179648K
  class space    used 15988K, committed 17152K, reserved 1048576K
}
Event: 233.947 GC heap after
{Heap after GC invocations=62 (full 0):
 garbage-first heap   total 258048K, used 166912K [0x0000000080000000, 0x0000000100000000)
  region size 1024K, 11 young (11264K), 11 survivors (11264K)
 Metaspace       used 118132K, committed 120448K, reserved 1179648K
  class space    used 15988K, committed 17152K, reserved 1048576K
}
Event: 272.852 GC heap before
{Heap before GC invocations=63 (full 0):
 garbage-first heap   total 268288K, used 225280K [0x0000000080000000, 0x0000000100000000)
  region size 1024K, 75 young (76800K), 11 survivors (11264K)
 Metaspace       used 118340K, committed 120704K, reserved 1179648K
  class space    used 16012K, committed 17216K, reserved 1048576K
}
Event: 272.859 GC heap after
{Heap after GC invocations=64 (full 0):
 garbage-first heap   total 268288K, used 162433K [0x0000000080000000, 0x0000000100000000)
  region size 1024K, 3 young (3072K), 3 survivors (3072K)
 Metaspace       used 118340K, committed 120704K, reserved 1179648K
  class space    used 16012K, committed 17216K, reserved 1048576K
}
Event: 273.347 GC heap before
{Heap before GC invocations=64 (full 0):
 garbage-first heap   total 268288K, used 247425K [0x0000000080000000, 0x0000000100000000)
  region size 1024K, 86 young (88064K), 3 survivors (3072K)
 Metaspace       used 118527K, committed 120896K, reserved 1179648K
  class space    used 16014K, committed 17216K, reserved 1048576K
}
Event: 273.356 GC heap after
{Heap after GC invocations=65 (full 0):
 garbage-first heap   total 268288K, used 154500K [0x0000000080000000, 0x0000000100000000)
  region size 1024K, 11 young (11264K), 11 survivors (11264K)
 Metaspace       used 118527K, committed 120896K, reserved 1179648K
  class space    used 16014K, committed 17216K, reserved 1048576K
}
Event: 283.310 GC heap before
{Heap before GC invocations=65 (full 0):
 garbage-first heap   total 268288K, used 213892K [0x0000000080000000, 0x0000000100000000)
  region size 1024K, 71 young (72704K), 11 survivors (11264K)
 Metaspace       used 118911K, committed 121216K, reserved 1179648K
  class space    used 16056K, committed 17216K, reserved 1048576K
}
Event: 283.321 GC heap after
{Heap after GC invocations=66 (full 0):
 garbage-first heap   total 268288K, used 161038K [0x0000000080000000, 0x0000000100000000)
  region size 1024K, 7 young (7168K), 7 survivors (7168K)
 Metaspace       used 118911K, committed 121216K, reserved 1179648K
  class space    used 16056K, committed 17216K, reserved 1048576K
}

